/*C4*/SET SCHEMA PUBLIC
DELETE FROM "mendixsystem$version" WHERE "versionnumber"='4.2'
INSERT INTO "mendixsystem$version" VALUES('4.2','2023-03-09 15:33:14.182000','4.1.0','unversioned','JSLT','8.18.16.39115')
COMMIT
/*C5*/SET SCHEMA PUBLIC
DELETE FROM "mendixsystem$entityidentifier" WHERE "id"='d4154981-8dac-4150-aec5-efa3ef62a7a2'
INSERT INTO "mendixsystem$entityidentifier" VALUES('d4154981-8dac-4150-aec5-efa3ef62a7a2',3,601)
COMMIT
INSERT INTO "system$xasinstance" VALUES(844424930132469,'6e2ce036-c792-419a-8e16-a5b2ca4a543a','2023-03-09 16:33:23.582000','2023-03-09 16:33:23.590000',NULL,NULL,NULL)
COMMIT
DELETE FROM "system$userrole" WHERE "id"=3940649673949185
INSERT INTO "system$userrole" VALUES(3940649673949185,'8dd52bfa-6d7e-453b-b506-303c0a3d9567','','Administrator')
DELETE FROM "system$userrole" WHERE "id"=3940649673949186
INSERT INTO "system$userrole" VALUES(3940649673949186,'53f5d6fa-6da9-4a71-b011-454ec052cce8','','User')
COMMIT
DELETE FROM "mendixsystem$properties" WHERE "key"='Mendix.Runtime.DeploymentID'
INSERT INTO "mendixsystem$properties" VALUES('Mendix.Runtime.DeploymentID','638139763902099681')
COMMIT
DELETE FROM "system$session" WHERE "id"=7881299347898569
DELETE FROM "system$session_user" WHERE "system$sessionid"=7881299347898569 AND "system$userid"=281474976710857
COMMIT
DELETE FROM "system$xasinstance" WHERE "id"=844424930132469
INSERT INTO "system$xasinstance" VALUES(844424930132469,'6e2ce036-c792-419a-8e16-a5b2ca4a543a','2023-03-09 16:33:23.582000','2023-03-09 16:33:25.048000',NULL,NULL,NULL)
COMMIT
/*C4*/DELETE FROM "mendixsystem$entityidentifier" WHERE "id"='282e2e60-88a5-469d-84a5-ba8d9151644f'
INSERT INTO "mendixsystem$entityidentifier" VALUES('282e2e60-88a5-469d-84a5-ba8d9151644f',1,401)
COMMIT
INSERT INTO "system$user" VALUES(281474976710957,'2023-03-09 16:33:25.693000',TRUE,'2023-03-09 16:33:25.693000','2023-03-09 16:33:25.783000',FALSE,TRUE,0,FALSE,'Anonymous_e4cebfcd-764e-4ed9-9394-83bb0a6543a6','{BCrypt}$2a$10$4mXExl3CjpQbxq8vU3JAaO.TCNYPyeeluDaGhg1gsScvuW984sggm','System.User',NULL,281474976710957)
INSERT INTO "system$userroles" VALUES(281474976710957,3940649673949185)
INSERT INTO "system$user_language" VALUES(281474976710957,8725724278030337)
COMMIT
DELETE FROM "system$user" WHERE "id"=281474976710957
INSERT INTO "system$user" VALUES(281474976710957,'2023-03-09 16:33:25.693000',TRUE,'2023-03-09 16:33:25.693000','2023-03-09 16:33:25.821000',FALSE,TRUE,0,FALSE,'Anonymous_e4cebfcd-764e-4ed9-9394-83bb0a6543a6','{BCrypt}$2a$10$4mXExl3CjpQbxq8vU3JAaO.TCNYPyeeluDaGhg1gsScvuW984sggm','System.User',NULL,281474976710957)
COMMIT
/*C6*/SET SCHEMA PUBLIC
DELETE FROM "mendixsystem$entityidentifier" WHERE "id"='37f9fd49-5318-4c63-9a51-f761779b202f'
INSERT INTO "mendixsystem$entityidentifier" VALUES('37f9fd49-5318-4c63-9a51-f761779b202f',28,401)
COMMIT
INSERT INTO "system$session" VALUES(7881299347898669,NULL,'c1cc97fa-eaa7-4ac5-8185-bc42aebc7926','2023-03-09 16:33:25.873000','73b2ba98-9eda-42ef-8196-891cfb664df2','2023-03-09 16:33:25.874000','a1766ae5-b0c2-4b31-9c8f-bf473d546e12')
INSERT INTO "system$session_user" VALUES(7881299347898669,281474976710957)
COMMIT
/*C4*/DELETE FROM "system$session" WHERE "id"=7881299347898669
INSERT INTO "system$session" VALUES(7881299347898669,'2023-03-09 16:33:26.050000','c1cc97fa-eaa7-4ac5-8185-bc42aebc7926','2023-03-09 16:33:25.873000','73b2ba98-9eda-42ef-8196-891cfb664df2','2023-03-09 16:33:25.888000','a1766ae5-b0c2-4b31-9c8f-bf473d546e12')
COMMIT
/*C5*/DELETE FROM "mendixsystem$entityidentifier" WHERE "id"='6e61825c-f7da-4430-9d6c-58648c83ef12'
INSERT INTO "mendixsystem$entityidentifier" VALUES('6e61825c-f7da-4430-9d6c-58648c83ef12',7,401)
COMMIT
DELETE FROM "system$session" WHERE "id"=7881299347898669
INSERT INTO "system$session" VALUES(7881299347898669,'2023-03-09 16:33:26.050000','c1cc97fa-eaa7-4ac5-8185-bc42aebc7926','2023-03-09 16:33:25.873000','73b2ba98-9eda-42ef-8196-891cfb664df2','2023-03-09 16:33:42.669000','a1766ae5-b0c2-4b31-9c8f-bf473d546e12')
COMMIT
DELETE FROM "system$xasinstance" WHERE "id"=844424930132469
INSERT INTO "system$xasinstance" VALUES(844424930132469,'6e2ce036-c792-419a-8e16-a5b2ca4a543a','2023-03-09 16:33:23.582000','2023-03-09 16:38:25.136000',NULL,NULL,NULL)
COMMIT
DELETE FROM "system$xasinstance" WHERE "id"=844424930132269
COMMIT
